<?xml version="1.0" encoding="UTF-8"?>
<testsuite xmlns:xsi="http://www.w3.org/2001/XMLSchema-instance" xsi:noNamespaceSchemaLocation="https://maven.apache.org/surefire/maven-surefire-plugin/xsd/surefire-test-report-3.0.xsd" version="3.0" name="com.example.lakicraft.repository.BusinessCardRepositoryTest" time="3.379" tests="1" errors="0" skipped="0" failures="0">
  <properties>
[...]
</properties>
  <testcase name="testFindByUserId" classname="com.example.lakicraft.repository.BusinessCardRepositoryTest" time="0.564">
    <system-out><![CDATA[2026-05-25T20:04:27.223Z  INFO 87 --- [lakicraft-test] [           main] t.c.s.AnnotationConfigContextLoaderUtils : Could not detect default configuration classes for test class [com.example.lakicraft.repository.BusinessCardRepositoryTest]: BusinessCardRepositoryTest does not declare any static, non-private, non-final, nested classes annotated with @Configuration.
2026-05-25T20:04:27.664Z  INFO 87 --- [lakicraft-test] [           main] .b.t.c.SpringBootTestContextBootstrapper : Found @SpringBootConfiguration com.example.lakicraft.LakicraftApplication for test class com.example.lakicraft.repository.BusinessCardRepositoryTest

  .   ____          _            __ _ _
 /\\ / ___'_ __ _ _(_)_ __  __ _ \ \ \ \
( ( )\___ | '_ | '_| | '_ \/ _` | \ \ \ \
 \\/  ___)| |_)| | | | | || (_| |  ) ) ) )
  '  |____| .__|_| |_|_| |_\__, | / / / /
 =========|_|==============|___/=/_/_/_/
 :: Spring Boot ::                (v3.2.5)

2026-05-25T20:04:27.754Z  INFO 87 --- [lakicraft-test] [           main] c.e.l.r.BusinessCardRepositoryTest       : Starting BusinessCardRepositoryTest using Java 21.0.3 with PID 87 (started by root in /app)
2026-05-25T20:04:27.754Z  INFO 87 --- [lakicraft-test] [           main] c.e.l.r.BusinessCardRepositoryTest       : No active profile set, falling back to 1 default profile: "default"
2026-05-25T20:04:28.332Z  INFO 87 --- [lakicraft-test] [           main] .s.d.r.c.RepositoryConfigurationDelegate : Bootstrapping Spring Data JPA repositories in DEFAULT mode.
2026-05-25T20:04:28.541Z  INFO 87 --- [lakicraft-test] [           main] .s.d.r.c.RepositoryConfigurationDelegate : Finished Spring Data repository scanning in 208 ms. Found 11 JPA repository interfaces.
2026-05-25T20:04:28.591Z  INFO 87 --- [lakicraft-test] [           main] beddedDataSourceBeanFactoryPostProcessor : Replacing 'dataSource' DataSource bean with embedded version
2026-05-25T20:04:28.687Z  INFO 87 --- [lakicraft-test] [           main] o.s.j.d.e.EmbeddedDatabaseFactory        : Starting embedded database: url='jdbc:h2:mem:832b4f69-1e4f-4194-ab9b-d78bd93c3bc3;DB_CLOSE_DELAY=-1;DB_CLOSE_ON_EXIT=false', username='sa'
2026-05-25T20:04:28.848Z  INFO 87 --- [lakicraft-test] [           main] o.hibernate.jpa.internal.util.LogHelper  : HHH000204: Processing PersistenceUnitInfo [name: default]
2026-05-25T20:04:28.893Z  INFO 87 --- [lakicraft-test] [           main] o.h.c.internal.RegionFactoryInitiator    : HHH000026: Second-level cache disabled
2026-05-25T20:04:28.993Z  INFO 87 --- [lakicraft-test] [           main] o.s.o.j.p.SpringPersistenceUnitInfo      : No LoadTimeWeaver setup: ignoring JPA class transformer
2026-05-25T20:04:29.015Z  WARN 87 --- [lakicraft-test] [           main] org.hibernate.dialect.Dialect            : HHH000511: The 2.2.0 version for [org.hibernate.dialect.PostgreSQLDialect] is no longer supported, hence certain features may not work properly. The minimum supported version is 12.0.0. Check the community dialects project for available legacy versions.
2026-05-25T20:04:29.018Z  WARN 87 --- [lakicraft-test] [           main] org.hibernate.orm.deprecation            : HHH90000025: PostgreSQLDialect does not need to be specified explicitly using 'hibernate.dialect' (remove the property setting and it will be selected by default)
2026-05-25T20:04:29.603Z  INFO 87 --- [lakicraft-test] [           main] o.h.e.t.j.p.i.JtaPlatformInitiator       : HHH000489: No JTA platform available (set 'hibernate.transaction.jta.platform' to enable JTA platform integration)
Hibernate: 
    create table appointment (
        id bigserial not null,
        date timestamp(6) not null,
        description varchar(255),
        status varchar(255) not null,
        user_id integer not null,
        primary key (id)
    )
Hibernate: 
    create table business_card (
        id bigserial not null,
        bio varchar(255),
        contact_email varchar(255),
        created_at timestamp(6),
        job_title varchar(255),
        name varchar(255),
        profile_image_url varchar(255),
        user_id bigint,
        primary key (id)
    )
Hibernate: 
    create table lacquer_order (
        id bigserial not null,
        lacquer varchar(255) not null,
        order_date timestamp(6) not null,
        painting_meters float(53) not null,
        shipping_address varchar(255) not null,
        status varchar(255) not null,
        total_price numeric(38,2) not null,
        appointment_id bigint,
        carpenter_id integer not null,
        user_id integer not null,
        primary key (id)
    )
Hibernate: 
    create table messages (
        id bigserial not null,
        content varchar(255) not null,
        timestamp timestamp(6) not null,
        order_id bigint not null,
        receiver_id integer not null,
        sender_id integer not null,
        primary key (id)
    )
Hibernate: 
    create table order_item (
        id bigserial not null,
        price numeric(38,2) not null,
        quantity integer not null,
        order_id bigint not null,
        product_id bigint not null,
        primary key (id)
    )
Hibernate: 
    create table orders (
        id bigserial not null,
        order_date timestamp(6) not null,
        shipping_address varchar(255) not null,
        status varchar(255) not null,
        total_price numeric(38,2) not null,
        product_id bigint,
        seller_id integer not null,
        user_id integer not null,
        primary key (id)
    )
Hibernate: 
    create table order_status (
        id bigserial not null,
        status varchar(255) not null,
        primary key (id)
    )
Hibernate: 
    create table paint_message (
        id bigserial not null,
        message varchar(255) not null,
        sent_at timestamp(6) not null,
        lacquer_order_id bigint not null,
        lacker_id integer not null,
        user_id integer not null,
        primary key (id)
    )
Hibernate: 
    create table product (
        id bigserial not null,
        brand varchar(255),
        image_path varchar(255),
        kod varchar(255),
        name varchar(255),
        packaging DECIMAL(10,2),
        price float(53),
        status varchar(255) not null,
        stock integer,
        user_id integer,
        primary key (id)
    )
Hibernate: 
    create table sale (
        id serial not null,
        amount numeric(38,2),
        sale_date timestamp(6),
        total_price numeric(38,2),
        user_id bigint,
        product_id bigint not null,
        primary key (id)
    )
Hibernate: 
    create table users (
        id serial not null,
        account_status varchar(255),
        created_at timestamp(6),
        email varchar(255),
        first_name varchar(255),
        last_name varchar(255),
        name varchar(255),
        password varchar(255),
        payment_due_days integer,
        role varchar(255),
        shipping_address varchar(255),
        updated_at timestamp(6),
        primary key (id)
    )
Hibernate: 
    alter table if exists appointment 
       add constraint FK7bo52i6usixwb7ira9l16y3bu 
       foreign key (user_id) 
       references users
Hibernate: 
    alter table if exists lacquer_order 
       add constraint FKnnyah239mworeaiifmeyc41s3 
       foreign key (appointment_id) 
       references appointment
Hibernate: 
    alter table if exists lacquer_order 
       add constraint FK5kqx5926w68n451b9onfuxj7e 
       foreign key (carpenter_id) 
       references users
Hibernate: 
    alter table if exists lacquer_order 
       add constraint FKbjj3mvaq50x5uceuidvxjn9su 
       foreign key (user_id) 
       references users
Hibernate: 
    alter table if exists messages 
       add constraint FKrfo94dbfmog2kti7qx701dvsw 
       foreign key (order_id) 
       references orders
Hibernate: 
    alter table if exists messages 
       add constraint FKt05r0b6n0iis8u7dfna4xdh73 
       foreign key (receiver_id) 
       references users
Hibernate: 
    alter table if exists messages 
       add constraint FK4ui4nnwntodh6wjvck53dbk9m 
       foreign key (sender_id) 
       references users
Hibernate: 
    alter table if exists order_item 
       add constraint FKt4dc2r9nbvbujrljv3e23iibt 
       foreign key (order_id) 
       references orders
Hibernate: 
    alter table if exists order_item 
       add constraint FK551losx9j75ss5d6bfsqvijna 
       foreign key (product_id) 
       references product
Hibernate: 
    alter table if exists orders 
       add constraint FK787ibr3guwp6xobrpbofnv7le 
       foreign key (product_id) 
       references product
Hibernate: 
    alter table if exists orders 
       add constraint FKsb9w6305d2be0rwbtifi7wymp 
       foreign key (seller_id) 
       references users
Hibernate: 
    alter table if exists orders 
       add constraint FK32ql8ubntj5uh44ph9659tiih 
       foreign key (user_id) 
       references users
Hibernate: 
    alter table if exists paint_message 
       add constraint FK82v9hhmxqs42jk60nkp6ps1ck 
       foreign key (lacquer_order_id) 
       references lacquer_order
Hibernate: 
    alter table if exists paint_message 
       add constraint FK2ryk3evi1yi4lnug4wk88965f 
       foreign key (lacker_id) 
       references users
Hibernate: 
    alter table if exists paint_message 
       add constraint FKq8u6klrv9mkug0v2ya5c2t0m6 
       foreign key (user_id) 
       references users
Hibernate: 
    alter table if exists product 
       add constraint FK47nyv78b35eaufr6aa96vep6n 
       foreign key (user_id) 
       references users
Hibernate: 
    alter table if exists sale 
       add constraint FKonrcqwf09u6spb6ty6sh11jh5 
       foreign key (product_id) 
       references product
2026-05-25T20:04:29.767Z  INFO 87 --- [lakicraft-test] [           main] j.LocalContainerEntityManagerFactoryBean : Initialized JPA EntityManagerFactory for persistence unit 'default'
2026-05-25T20:04:30.007Z  INFO 87 --- [lakicraft-test] [           main] c.e.l.r.BusinessCardRepositoryTest       : Started BusinessCardRepositoryTest in 2.335 seconds (process running for 40.902)
Hibernate: 
    insert 
    into
        business_card
        (bio, contact_email, created_at, job_title, name, profile_image_url, user_id) 
    values
        (?, ?, ?, ?, ?, ?, ?)
Hibernate: 
    select
        bc1_0.id,
        bc1_0.bio,
        bc1_0.contact_email,
        bc1_0.created_at,
        bc1_0.job_title,
        bc1_0.name,
        bc1_0.profile_image_url,
        bc1_0.user_id 
    from
        business_card bc1_0 
    where
        bc1_0.user_id=?
]]></system-out>
  </testcase>
</testsuite>